H:\TinyCLR\TinyCLR_PORT\TinyCLR_Port\Targets\STM32H7xx\STM32H7_Deployment.cpp: In function 'TinyCLR_Result STM32H7_Flash_Write(const TinyCLR_Deployment_Provider*, uint32_t, size_t, const uint8_t*)':
H:\TinyCLR\TinyCLR_PORT\TinyCLR_Port\Targets\STM32H7xx\STM32H7_Deployment.cpp:153:113: error: 'FLASH_SR_ERSERR' was not declared in this scope
     STM32H7_FLASH->SR1 = (FLASH_SR_EOP | FLASH_SR_OPERR | FLASH_SR_WRPERR | FLASH_SR_PGSERR | FLASH_SR_PGSERR | FLASH_SR_ERSERR);
                                                                                                                 ^~~~~~~~~~~~~~~
H:\TinyCLR\TinyCLR_PORT\TinyCLR_Port\Targets\STM32H7xx\STM32H7_Deployment.cpp:153:113: note: suggested alternative: 'FLASH_SR_WRPERR'
     STM32H7_FLASH->SR1 = (FLASH_SR_EOP | FLASH_SR_OPERR | FLASH_SR_WRPERR | FLASH_SR_PGSERR | FLASH_SR_PGSERR | FLASH_SR_ERSERR);
                                                                                                                 ^~~~~~~~~~~~~~~
                                                                                                                 FLASH_SR_WRPERR
H:\TinyCLR\TinyCLR_PORT\TinyCLR_Port\Targets\STM32H7xx\STM32H7_Deployment.cpp: In function 'TinyCLR_Result STM32H7_Flash_EraseSector(const TinyCLR_Deployment_Provider*, uint32_t)':
H:\TinyCLR\TinyCLR_PORT\TinyCLR_Port\Targets\STM32H7xx\STM32H7_Deployment.cpp:243:77: error: 'FLASH_SR_PGAERR' was not declared in this scope
     STM32H7_FLASH->SR1 = (FLASH_SR_EOP | FLASH_SR_OPERR | FLASH_SR_WRPERR | FLASH_SR_PGAERR | FLASH_SR_PGSERR | FLASH_SR_ERSERR);
                                                                             ^~~~~~~~~~~~~~~
H:\TinyCLR\TinyCLR_PORT\TinyCLR_Port\Targets\STM32H7xx\STM32H7_Deployment.cpp:243:77: note: suggested alternative: 'FLASH_SR_PGSERR'
     STM32H7_FLASH->SR1 = (FLASH_SR_EOP | FLASH_SR_OPERR | FLASH_SR_WRPERR | FLASH_SR_PGAERR | FLASH_SR_PGSERR | FLASH_SR_ERSERR);
                                                                             ^~~~~~~~~~~~~~~
                                                                             FLASH_SR_PGSERR
H:\TinyCLR\TinyCLR_PORT\TinyCLR_Port\Targets\STM32H7xx\STM32H7_Deployment.cpp:243:113: error: 'FLASH_SR_ERSERR' was not declared in this scope
     STM32H7_FLASH->SR1 = (FLASH_SR_EOP | FLASH_SR_OPERR | FLASH_SR_WRPERR | FLASH_SR_PGAERR | FLASH_SR_PGSERR | FLASH_SR_ERSERR);
                                                                                                                 ^~~~~~~~~~~~~~~
H:\TinyCLR\TinyCLR_PORT\TinyCLR_Port\Targets\STM32H7xx\STM32H7_Deployment.cpp:243:113: note: suggested alternative: 'FLASH_SR_WRPERR'
     STM32H7_FLASH->SR1 = (FLASH_SR_EOP | FLASH_SR_OPERR | FLASH_SR_WRPERR | FLASH_SR_PGAERR | FLASH_SR_PGSERR | FLASH_SR_ERSERR);
                                                                                                                 ^~~~~~~~~~~~~~~
                                                                                                                 FLASH_SR_WRPERR
H:\TinyCLR\TinyCLR_PORT\TinyCLR_Port\Targets\STM32H7xx\STM32H7_Deployment.cpp:250:27: error: 'FLASH_CR_STRT' was not declared in this scope
     STM32H7_FLASH->CR1 |= FLASH_CR_STRT;
                           ^~~~~~~~~~~~~
H:\TinyCLR\TinyCLR_PORT\TinyCLR_Port\Targets\STM32H7xx\STM32H7_Deployment.cpp:250:27: note: suggested alternative: 'FLASH_CR_START'
     STM32H7_FLASH->CR1 |= FLASH_CR_STRT;
                           ^~~~~~~~~~~~~
                           FLASH_CR_START
H:\TinyCLR\TinyCLR_PORT\TinyCLR_Port\Targets\STM32H7xx\STM32H7_GPIO.cpp: In function 'void STM32H7_Gpio_ISR(int)':
H:\TinyCLR\TinyCLR_PORT\TinyCLR_Port\Targets\STM32H7xx\STM32H7_GPIO.cpp:104:11: error: 'struct EXTI_TypeDef' has no member named 'PR'
     EXTI->PR = bit;   // reset pending bit
           ^~
H:\TinyCLR\TinyCLR_PORT\TinyCLR_Port\Targets\STM32H7xx\STM32H7_GPIO.cpp: In function 'void STM32H7_Gpio_Interrupt5(void*)':
H:\TinyCLR\TinyCLR_PORT\TinyCLR_Port\Targets\STM32H7xx\STM32H7_GPIO.cpp:149:30: error: 'struct EXTI_TypeDef' has no member named 'PR'
     uint32_t pending = EXTI->PR & EXTI->IMR & 0x03E0; // pending bits 5..9
                              ^~
H:\TinyCLR\TinyCLR_PORT\TinyCLR_Port\Targets\STM32H7xx\STM32H7_GPIO.cpp:149:41: error: 'struct EXTI_TypeDef' has no member named 'IMR'
     uint32_t pending = EXTI->PR & EXTI->IMR & 0x03E0; // pending bits 5..9
                                         ^~~
H:\TinyCLR\TinyCLR_PORT\TinyCLR_Port\Targets\STM32H7xx\STM32H7_GPIO.cpp: In function 'void STM32H7_Gpio_Interrupt10(void*)':
H:\TinyCLR\TinyCLR_PORT\TinyCLR_Port\Targets\STM32H7xx\STM32H7_GPIO.cpp:159:30: error: 'struct EXTI_TypeDef' has no member named 'PR'
     uint32_t pending = EXTI->PR & EXTI->IMR & 0xFC00; // pending bits 10..15
                              ^~
H:\TinyCLR\TinyCLR_PORT\TinyCLR_Port\Targets\STM32H7xx\STM32H7_GPIO.cpp:159:41: error: 'struct EXTI_TypeDef' has no member named 'IMR'
     uint32_t pending = EXTI->PR & EXTI->IMR & 0xFC00; // pending bits 10..15
                                         ^~~
H:\TinyCLR\TinyCLR_PORT\TinyCLR_Port\Targets\STM32H7xx\STM32H7_GPIO.cpp: In function 'TinyCLR_Result STM32H7_Gpio_SetValueChangedHandler(const TinyCLR_Gpio_Provider*, int32_t, int32_t, TinyCLR_Gpio_ValueChangedHandler)':
H:\TinyCLR\TinyCLR_PORT\TinyCLR_Port\Targets\STM32H7xx\STM32H7_GPIO.cpp:181:23: error: 'struct EXTI_TypeDef' has no member named 'IMR'
             if (EXTI->IMR & bit)
                       ^~~
H:\TinyCLR\TinyCLR_PORT\TinyCLR_Port\Targets\STM32H7xx\STM32H7_GPIO.cpp:192:15: error: 'struct EXTI_TypeDef' has no member named 'RTSR'; did you mean 'RTSR1'?
         EXTI->RTSR &= ~bit;
               ^~~~
               RTSR1
H:\TinyCLR\TinyCLR_PORT\TinyCLR_Port\Targets\STM32H7xx\STM32H7_GPIO.cpp:193:15: error: 'struct EXTI_TypeDef' has no member named 'FTSR'; did you mean 'FTSR1'?
         EXTI->FTSR &= ~bit;
               ^~~~
               FTSR1
H:\TinyCLR\TinyCLR_PORT\TinyCLR_Port\Targets\STM32H7xx\STM32H7_GPIO.cpp:195:15: error: 'struct EXTI_TypeDef' has no member named 'FTSR'; did you mean 'FTSR1'?
         EXTI->FTSR |= bit;
               ^~~~
               FTSR1
H:\TinyCLR\TinyCLR_PORT\TinyCLR_Port\Targets\STM32H7xx\STM32H7_GPIO.cpp:196:15: error: 'struct EXTI_TypeDef' has no member named 'RTSR'; did you mean 'RTSR1'?
         EXTI->RTSR |= bit;
               ^~~~
               RTSR1
H:\TinyCLR\TinyCLR_PORT\TinyCLR_Port\Targets\STM32H7xx\STM32H7_GPIO.cpp:199:19: error: 'struct EXTI_TypeDef' has no member named 'PR'
             EXTI->PR = bit; // remove pending interrupt
                   ^~
H:\TinyCLR\TinyCLR_PORT\TinyCLR_Port\Targets\STM32H7xx\STM32H7_GPIO.cpp:200:24: error: 'struct EXTI_TypeDef' has no member named 'PR'
         } while (EXTI->PR & bit); // repeat if pending again
                        ^~
H:\TinyCLR\TinyCLR_PORT\TinyCLR_Port\Targets\STM32H7xx\STM32H7_GPIO.cpp:202:15: error: 'struct EXTI_TypeDef' has no member named 'IMR'
         EXTI->IMR |= bit; // enable interrupt
               ^~~
H:\TinyCLR\TinyCLR_PORT\TinyCLR_Port\Targets\STM32H7xx\STM32H7_GPIO.cpp:205:15: error: 'struct EXTI_TypeDef' has no member named 'IMR'
         EXTI->IMR &= ~bit; // disable interrupt
               ^~~
H:\TinyCLR\TinyCLR_PORT\TinyCLR_Port\Targets\STM32H7xx\STM32H7_GPIO.cpp: In function 'bool STM32H7_Gpio_DisableInterrupt(uint32_t)':
H:\TinyCLR\TinyCLR_PORT\TinyCLR_Port\Targets\STM32H7xx\STM32H7_GPIO.cpp:220:15: error: 'struct EXTI_TypeDef' has no member named 'IMR'
         EXTI->IMR &= ~bit; // disable interrupt
               ^~~
H:\TinyCLR\TinyCLR_PORT\TinyCLR_Port\Targets\STM32H7xx\STM32H7_GPIO.cpp: In function 'void STM32H7_GpioInternal_WritePin(int32_t, bool)':
H:\TinyCLR\TinyCLR_PORT\TinyCLR_Port\Targets\STM32H7xx\STM32H7_GPIO.cpp:303:15: error: 'struct GPIO_TypeDef' has no member named 'BSRR'; did you mean 'BSRRL'?
         port->BSRR = bit; // set bit
               ^~~~
               BSRRL
H:\TinyCLR\TinyCLR_PORT\TinyCLR_Port\Targets\STM32H7xx\STM32H7_GPIO.cpp:305:15: error: 'struct GPIO_TypeDef' has no member named 'BSRR'; did you mean 'BSRRL'?
         port->BSRR = (bit << 16); // reset bit
               ^~~~
               BSRRL
H:\TinyCLR\TinyCLR_PORT\TinyCLR_Port\Targets\STM32H7xx\STM32H7_GPIO.cpp: In function 'void STM32H7_Gpio_Reset()':
H:\TinyCLR\TinyCLR_PORT\TinyCLR_Port\Targets\STM32H7xx\STM32H7_GPIO.cpp:448:11: error: 'struct EXTI_TypeDef' has no member named 'IMR'
     EXTI->IMR = 0; // disable all external interrups;
           ^~~
H:\TinyCLR\TinyCLR_PORT\TinyCLR_Port\Targets\STM32H7xx\STM32H7_I2C.cpp: In function 'TinyCLR_Result STM32H7_I2c_Acquire(const TinyCLR_I2c_Provider*, int32_t)':
H:\TinyCLR\TinyCLR_PORT\TinyCLR_Port\Targets\STM32H7xx\STM32H7_I2C.cpp:464:14: error: 'struct RCC_TypeDef' has no member named 'APB1ENR'; did you mean 'AHB1ENR'?
         RCC->APB1ENR |= RCC_APB1ENR_I2C1EN; // enable I2C clock
              ^~~~~~~
              AHB1ENR
H:\TinyCLR\TinyCLR_PORT\TinyCLR_Port\Targets\STM32H7xx\STM32H7_I2C.cpp:464:25: error: 'RCC_APB1ENR_I2C1EN' was not declared in this scope
         RCC->APB1ENR |= RCC_APB1ENR_I2C1EN; // enable I2C clock
                         ^~~~~~~~~~~~~~~~~~
H:\TinyCLR\TinyCLR_PORT\TinyCLR_Port\Targets\STM32H7xx\STM32H7_I2C.cpp:464:25: note: suggested alternative: 'RCC_APB1LENR_I2C1EN'
         RCC->APB1ENR |= RCC_APB1ENR_I2C1EN; // enable I2C clock
                         ^~~~~~~~~~~~~~~~~~
                         RCC_APB1LENR_I2C1EN
H:\TinyCLR\TinyCLR_PORT\TinyCLR_Port\Targets\STM32H7xx\STM32H7_I2C.cpp:465:14: error: 'struct RCC_TypeDef' has no member named 'APB1RSTR'; did you mean 'AHB1RSTR'?
         RCC->APB1RSTR = RCC_APB1RSTR_I2C1RST; // reset I2C peripheral
              ^~~~~~~~
              AHB1RSTR
H:\TinyCLR\TinyCLR_PORT\TinyCLR_Port\Targets\STM32H7xx\STM32H7_I2C.cpp:465:25: error: 'RCC_APB1RSTR_I2C1RST' was not declared in this scope
         RCC->APB1RSTR = RCC_APB1RSTR_I2C1RST; // reset I2C peripheral
                         ^~~~~~~~~~~~~~~~~~~~
H:\TinyCLR\TinyCLR_PORT\TinyCLR_Port\Targets\STM32H7xx\STM32H7_I2C.cpp:465:25: note: suggested alternative: 'RCC_APB1LRSTR_I2C1RST'
         RCC->APB1RSTR = RCC_APB1RSTR_I2C1RST; // reset I2C peripheral
                         ^~~~~~~~~~~~~~~~~~~~
                         RCC_APB1LRSTR_I2C1RST
H:\TinyCLR\TinyCLR_PORT\TinyCLR_Port\Targets\STM32H7xx\STM32H7_I2C.cpp:471:14: error: 'struct RCC_TypeDef' has no member named 'APB1ENR'; did you mean 'AHB1ENR'?
         RCC->APB1ENR |= RCC_APB1ENR_I2C2EN; // enable I2C clock
              ^~~~~~~
              AHB1ENR
H:\TinyCLR\TinyCLR_PORT\TinyCLR_Port\Targets\STM32H7xx\STM32H7_I2C.cpp:471:25: error: 'RCC_APB1ENR_I2C2EN' was not declared in this scope
         RCC->APB1ENR |= RCC_APB1ENR_I2C2EN; // enable I2C clock
                         ^~~~~~~~~~~~~~~~~~
H:\TinyCLR\TinyCLR_PORT\TinyCLR_Port\Targets\STM32H7xx\STM32H7_I2C.cpp:471:25: note: suggested alternative: 'RCC_APB1LENR_I2C2EN'
         RCC->APB1ENR |= RCC_APB1ENR_I2C2EN; // enable I2C clock
                         ^~~~~~~~~~~~~~~~~~
                         RCC_APB1LENR_I2C2EN
H:\TinyCLR\TinyCLR_PORT\TinyCLR_Port\Targets\STM32H7xx\STM32H7_I2C.cpp:472:14: error: 'struct RCC_TypeDef' has no member named 'APB1RSTR'; did you mean 'AHB1RSTR'?
         RCC->APB1RSTR = RCC_APB1RSTR_I2C2RST; // reset I2C peripheral
              ^~~~~~~~
              AHB1RSTR
H:\TinyCLR\TinyCLR_PORT\TinyCLR_Port\Targets\STM32H7xx\STM32H7_I2C.cpp:472:25: error: 'RCC_APB1RSTR_I2C2RST' was not declared in this scope
         RCC->APB1RSTR = RCC_APB1RSTR_I2C2RST; // reset I2C peripheral
                         ^~~~~~~~~~~~~~~~~~~~
H:\TinyCLR\TinyCLR_PORT\TinyCLR_Port\Targets\STM32H7xx\STM32H7_I2C.cpp:472:25: note: suggested alternative: 'RCC_APB1LRSTR_I2C2RST'
         RCC->APB1RSTR = RCC_APB1RSTR_I2C2RST; // reset I2C peripheral
                         ^~~~~~~~~~~~~~~~~~~~
                         RCC_APB1LRSTR_I2C2RST
H:\TinyCLR\TinyCLR_PORT\TinyCLR_Port\Targets\STM32H7xx\STM32H7_I2C.cpp:478:10: error: 'struct RCC_TypeDef' has no member named 'APB1RSTR'; did you mean 'AHB1RSTR'?
     RCC->APB1RSTR = 0;
          ^~~~~~~~
          AHB1RSTR
H:\TinyCLR\TinyCLR_PORT\TinyCLR_Port\Targets\STM32H7xx\STM32H7_I2C.cpp: In function 'TinyCLR_Result STM32H7_I2c_Release(const TinyCLR_I2c_Provider*, int32_t)':
H:\TinyCLR\TinyCLR_PORT\TinyCLR_Port\Targets\STM32H7xx\STM32H7_I2C.cpp:500:14: error: 'struct RCC_TypeDef' has no member named 'APB1ENR'; did you mean 'AHB1ENR'?
         RCC->APB1ENR &= ~RCC_APB1ENR_I2C1EN; // disable I2C clock
              ^~~~~~~
              AHB1ENR
H:\TinyCLR\TinyCLR_PORT\TinyCLR_Port\Targets\STM32H7xx\STM32H7_I2C.cpp:500:26: error: 'RCC_APB1ENR_I2C1EN' was not declared in this scope
         RCC->APB1ENR &= ~RCC_APB1ENR_I2C1EN; // disable I2C clock
                          ^~~~~~~~~~~~~~~~~~
H:\TinyCLR\TinyCLR_PORT\TinyCLR_Port\Targets\STM32H7xx\STM32H7_I2C.cpp:500:26: note: suggested alternative: 'RCC_APB1LENR_I2C1EN'
         RCC->APB1ENR &= ~RCC_APB1ENR_I2C1EN; // disable I2C clock
                          ^~~~~~~~~~~~~~~~~~
                          RCC_APB1LENR_I2C1EN
H:\TinyCLR\TinyCLR_PORT\TinyCLR_Port\Targets\STM32H7xx\STM32H7_I2C.cpp:508:14: error: 'struct RCC_TypeDef' has no member named 'APB1ENR'; did you mean 'AHB1ENR'?
         RCC->APB1ENR &= ~RCC_APB1ENR_I2C2EN; // disable I2C clock
              ^~~~~~~
              AHB1ENR
H:\TinyCLR\TinyCLR_PORT\TinyCLR_Port\Targets\STM32H7xx\STM32H7_I2C.cpp:508:26: error: 'RCC_APB1ENR_I2C2EN' was not declared in this scope
         RCC->APB1ENR &= ~RCC_APB1ENR_I2C2EN; // disable I2C clock
                          ^~~~~~~~~~~~~~~~~~
H:\TinyCLR\TinyCLR_PORT\TinyCLR_Port\Targets\STM32H7xx\STM32H7_I2C.cpp:508:26: note: suggested alternative: 'RCC_APB1LENR_I2C2EN'
         RCC->APB1ENR &= ~RCC_APB1ENR_I2C2EN; // disable I2C clock
                          ^~~~~~~~~~~~~~~~~~
                          RCC_APB1LENR_I2C2EN
H:\TinyCLR\TinyCLR_PORT\TinyCLR_Port\Targets\STM32H7xx\STM32H7_Power.cpp: In function 'void STM32H7_Power_Sleep(const TinyCLR_Power_Provider*, TinyCLR_Power_SleepLevel)':
H:\TinyCLR\TinyCLR_PORT\TinyCLR_Port\Targets\STM32H7xx\STM32H7_Power.cpp:49:31: error: 'PWR_CR1_PDDS' was not declared in this scope
         tmpreg &= (uint32_t)~(PWR_CR1_PDDS | PWR_CR1_LPDS);
                               ^~~~~~~~~~~~
H:\TinyCLR\TinyCLR_PORT\TinyCLR_Port\Targets\STM32H7xx\STM32H7_Power.cpp:49:31: note: suggested alternative: 'PWR_CR1_LPDS'
         tmpreg &= (uint32_t)~(PWR_CR1_PDDS | PWR_CR1_LPDS);
                               ^~~~~~~~~~~~
                               PWR_CR1_LPDS
H:\TinyCLR\TinyCLR_PORT\TinyCLR_Port\Targets\STM32H7xx\STM32H7_PWM.cpp: In function 'TinyCLR_Result STM32H7_Pwm_AcquirePin(const TinyCLR_Pwm_Provider*, int32_t, int32_t)':
H:\TinyCLR\TinyCLR_PORT\TinyCLR_Port\Targets\STM32H7xx\STM32H7_PWM.cpp:112:34: error: 'struct RCC_TypeDef' has no member named 'APB1ENR'; did you mean 'AHB1ENR'?
     __IO uint32_t* enReg = &RCC->APB1ENR;
                                  ^~~~~~~
                                  AHB1ENR
H:\TinyCLR\TinyCLR_PORT\TinyCLR_Port\Targets\STM32H7xx\STM32H7_PWM.cpp: In function 'TinyCLR_Result STM32H7_Pwm_ReleasePin(const TinyCLR_Pwm_Provider*, int32_t, int32_t)':
H:\TinyCLR\TinyCLR_PORT\TinyCLR_Port\Targets\STM32H7xx\STM32H7_PWM.cpp:151:38: error: 'struct RCC_TypeDef' has no member named 'APB1ENR'; did you mean 'AHB1ENR'?
         __IO uint32_t* enReg = &RCC->APB1ENR;
                                      ^~~~~~~
                                      AHB1ENR
H:\TinyCLR\TinyCLR_PORT\TinyCLR_Port\Targets\STM32H7xx\STM32H7_PWM.cpp: In function 'void STM32H7_Pwm_Reset()':
H:\TinyCLR\TinyCLR_PORT\TinyCLR_Port\Targets\STM32H7xx\STM32H7_PWM.cpp:413:65: error: 'TIM9' was not declared in this scope
     if (TOTAL_PWM_CONTROLLER > 8) g_PwmController[8].timerdef = TIM9;
                                                                 ^~~~
H:\TinyCLR\TinyCLR_PORT\TinyCLR_Port\Targets\STM32H7xx\STM32H7_PWM.cpp:413:65: note: suggested alternative: 'TIM1'
     if (TOTAL_PWM_CONTROLLER > 8) g_PwmController[8].timerdef = TIM9;
                                                                 ^~~~
                                                                 TIM1
H:\TinyCLR\TinyCLR_PORT\TinyCLR_Port\Targets\STM32H7xx\STM32H7_PWM.cpp:414:65: error: 'TIM10' was not declared in this scope
     if (TOTAL_PWM_CONTROLLER > 9) g_PwmController[9].timerdef = TIM10;
                                                                 ^~~~~
H:\TinyCLR\TinyCLR_PORT\TinyCLR_Port\Targets\STM32H7xx\STM32H7_PWM.cpp:414:65: note: suggested alternative: 'TIM1'
     if (TOTAL_PWM_CONTROLLER > 9) g_PwmController[9].timerdef = TIM10;
                                                                 ^~~~~
                                                                 TIM1
H:\TinyCLR\TinyCLR_PORT\TinyCLR_Port\Targets\STM32H7xx\STM32H7_PWM.cpp:415:67: error: 'TIM11' was not declared in this scope
     if (TOTAL_PWM_CONTROLLER > 10) g_PwmController[10].timerdef = TIM11;
                                                                   ^~~~~
H:\TinyCLR\TinyCLR_PORT\TinyCLR_Port\Targets\STM32H7xx\STM32H7_PWM.cpp:415:67: note: suggested alternative: 'TIM1'
     if (TOTAL_PWM_CONTROLLER > 10) g_PwmController[10].timerdef = TIM11;
                                                                   ^~~~~
                                                                   TIM1
H:\TinyCLR\TinyCLR_PORT\TinyCLR_Port\Targets\STM32H7xx\STM32H7_RTC.cpp: In function 'TinyCLR_Result STM32H7_Rtc_Configuration()':
H:\TinyCLR\TinyCLR_PORT\TinyCLR_Port\Targets\STM32H7xx\STM32H7_RTC.cpp:157:10: error: 'struct RCC_TypeDef' has no member named 'APB1ENR'; did you mean 'AHB1ENR'?
     RCC->APB1ENR |= RCC_APB1ENR_PWREN;
          ^~~~~~~
          AHB1ENR
H:\TinyCLR\TinyCLR_PORT\TinyCLR_Port\Targets\STM32H7xx\STM32H7_RTC.cpp:157:21: error: 'RCC_APB1ENR_PWREN' was not declared in this scope
     RCC->APB1ENR |= RCC_APB1ENR_PWREN;
                     ^~~~~~~~~~~~~~~~~
H:\TinyCLR\TinyCLR_PORT\TinyCLR_Port\Targets\STM32H7xx\STM32H7_RTC.cpp:157:21: note: suggested alternative: 'RCC_APB1HENR_CRSEN'
     RCC->APB1ENR |= RCC_APB1ENR_PWREN;
                     ^~~~~~~~~~~~~~~~~
                     RCC_APB1HENR_CRSEN
H:\TinyCLR\TinyCLR_PORT\TinyCLR_Port\Targets\STM32H7xx\STM32H7_SD.cpp: In function 'uint32_t SDIO_GetFIFOCount()':
H:\TinyCLR\TinyCLR_PORT\TinyCLR_Port\Targets\STM32H7xx\STM32H7_SD.cpp:686:20: error: 'struct SDMMC_TypeDef' has no member named 'FIFOCNT'; did you mean 'FIFO'?
     return SDMMC1->FIFOCNT;
                    ^~~~~~~
                    FIFO
H:\TinyCLR\TinyCLR_PORT\TinyCLR_Port\Targets\STM32H7xx\STM32H7_SPI.cpp: In function 'bool STM32H7_Spi_Transaction_Stop(int32_t)':
H:\TinyCLR\TinyCLR_PORT\TinyCLR_Port\Targets\STM32H7xx\STM32H7_SPI.cpp:109:22: error: 'SPI_SR_BSY' was not declared in this scope
     while (spi->SR & SPI_SR_BSY); // wait for completion
                      ^~~~~~~~~~
H:\TinyCLR\TinyCLR_PORT\TinyCLR_Port\Targets\STM32H7xx\STM32H7_SPI.cpp:109:22: note: suggested alternative: 'SPI_SR_UDR'
     while (spi->SR & SPI_SR_BSY); // wait for completion
                      ^~~~~~~~~~
                      SPI_SR_UDR
H:\TinyCLR\TinyCLR_PORT\TinyCLR_Port\Targets\STM32H7xx\STM32H7_SPI.cpp: In function 'bool STM32H7_Spi_Transaction_nWrite8_nRead8(int32_t)':
H:\TinyCLR\TinyCLR_PORT\TinyCLR_Port\Targets\STM32H7xx\STM32H7_SPI.cpp:131:76: error: 'struct SPI_TypeDef' has no member named 'DR'; did you mean 'SR'?
     volatile uint8_t *dataReg = reinterpret_cast<uint8_t*>((uint32_t)&spi->DR);
                                                                            ^~
                                                                            SR
H:\TinyCLR\TinyCLR_PORT\TinyCLR_Port\Targets\STM32H7xx\STM32H7_SPI.cpp:133:24: error: 'SPI_SR_TXE' was not declared in this scope
     while (!(spi->SR & SPI_SR_TXE)); // wait for Tx empty
                        ^~~~~~~~~~
H:\TinyCLR\TinyCLR_PORT\TinyCLR_Port\Targets\STM32H7xx\STM32H7_SPI.cpp:133:24: note: suggested alternative: 'SPI_SR_TXC'
     while (!(spi->SR & SPI_SR_TXE)); // wait for Tx empty
                        ^~~~~~~~~~
                        SPI_SR_TXC
H:\TinyCLR\TinyCLR_PORT\TinyCLR_Port\Targets\STM32H7xx\STM32H7_SPI.cpp:144:28: error: 'SPI_SR_RXNE' was not declared in this scope
         while (!(spi->SR & SPI_SR_RXNE));
                            ^~~~~~~~~~~
H:\TinyCLR\TinyCLR_PORT\TinyCLR_Port\Targets\STM32H7xx\STM32H7_SPI.cpp:144:28: note: suggested alternative: 'SPI_SR_RXWNE'
         while (!(spi->SR & SPI_SR_RXNE));
                            ^~~~~~~~~~~
                            SPI_SR_RXWNE
H:\TinyCLR\TinyCLR_PORT\TinyCLR_Port\Targets\STM32H7xx\STM32H7_SPI.cpp:148:28: error: 'SPI_SR_TXE' was not declared in this scope
         while (!(spi->SR & SPI_SR_TXE)); // wait for Tx empty
                            ^~~~~~~~~~
H:\TinyCLR\TinyCLR_PORT\TinyCLR_Port\Targets\STM32H7xx\STM32H7_SPI.cpp:148:28: note: suggested alternative: 'SPI_SR_TXC'
         while (!(spi->SR & SPI_SR_TXE)); // wait for Tx empty
                            ^~~~~~~~~~
                            SPI_SR_TXC
H:\TinyCLR\TinyCLR_PORT\TinyCLR_Port\Targets\STM32H7xx\STM32H7_SPI.cpp:159:24: error: 'SPI_SR_RXNE' was not declared in this scope
     while (!(spi->SR & SPI_SR_RXNE));
                        ^~~~~~~~~~~
H:\TinyCLR\TinyCLR_PORT\TinyCLR_Port\Targets\STM32H7xx\STM32H7_SPI.cpp:159:24: note: suggested alternative: 'SPI_SR_RXWNE'
     while (!(spi->SR & SPI_SR_RXNE));
                        ^~~~~~~~~~~
                        SPI_SR_RXWNE
H:\TinyCLR\TinyCLR_PORT\TinyCLR_Port\Targets\STM32H7xx\STM32H7_SPI.cpp: In function 'bool STM32H7_Spi_Transaction_nWrite16_nRead16(int32_t)':
H:\TinyCLR\TinyCLR_PORT\TinyCLR_Port\Targets\STM32H7xx\STM32H7_SPI.cpp:192:10: error: 'struct SPI_TypeDef' has no member named 'DR'; did you mean 'SR'?
     spi->DR = out; // write first word
          ^~
          SR
H:\TinyCLR\TinyCLR_PORT\TinyCLR_Port\Targets\STM32H7xx\STM32H7_SPI.cpp:199:28: error: 'SPI_SR_RXNE' was not declared in this scope
         while (!(spi->SR & SPI_SR_RXNE)) {
                            ^~~~~~~~~~~
H:\TinyCLR\TinyCLR_PORT\TinyCLR_Port\Targets\STM32H7xx\STM32H7_SPI.cpp:199:28: note: suggested alternative: 'SPI_SR_RXWNE'
         while (!(spi->SR & SPI_SR_RXNE)) {
                            ^~~~~~~~~~~
                            SPI_SR_RXWNE
H:\TinyCLR\TinyCLR_PORT\TinyCLR_Port\Targets\STM32H7xx\STM32H7_SPI.cpp:203:19: error: 'struct SPI_TypeDef' has no member named 'DR'; did you mean 'SR'?
         in = spi->DR; // read input
                   ^~
                   SR
H:\TinyCLR\TinyCLR_PORT\TinyCLR_Port\Targets\STM32H7xx\STM32H7_SPI.cpp:204:14: error: 'struct SPI_TypeDef' has no member named 'DR'; did you mean 'SR'?
         spi->DR = out; // start output
              ^~
              SR
H:\TinyCLR\TinyCLR_PORT\TinyCLR_Port\Targets\STM32H7xx\STM32H7_SPI.cpp:211:24: error: 'SPI_SR_RXNE' was not declared in this scope
     while (!(spi->SR & SPI_SR_RXNE)) {
                        ^~~~~~~~~~~
H:\TinyCLR\TinyCLR_PORT\TinyCLR_Port\Targets\STM32H7xx\STM32H7_SPI.cpp:211:24: note: suggested alternative: 'SPI_SR_RXWNE'
     while (!(spi->SR & SPI_SR_RXNE)) {
                        ^~~~~~~~~~~
                        SPI_SR_RXWNE
H:\TinyCLR\TinyCLR_PORT\TinyCLR_Port\Targets\STM32H7xx\STM32H7_SPI.cpp:215:15: error: 'struct SPI_TypeDef' has no member named 'DR'; did you mean 'SR'?
     in = spi->DR; // read last input
               ^~
               SR
H:\TinyCLR\TinyCLR_PORT\TinyCLR_Port\Targets\STM32H7xx\STM32H7_SPI.cpp: In function 'TinyCLR_Result STM32H7_Spi_SetActiveSettings(const TinyCLR_Spi_Provider*, int32_t, int32_t, int32_t, int32_t, TinyCLR_Spi_Mode)':
H:\TinyCLR\TinyCLR_PORT\TinyCLR_Port\Targets\STM32H7xx\STM32H7_SPI.cpp:330:20: error: 'SPI_CR1_CRCL' was not declared in this scope
     uint32_t cr1 = SPI_CR1_CRCL | SPI_CR1_CPOL | SPI_CR1_CPHA | SPI_CR1_BR_2 | SPI_CR1_BR_1 | SPI_CR1_BR_0;
                    ^~~~~~~~~~~~
H:\TinyCLR\TinyCLR_PORT\TinyCLR_Port\Targets\STM32H7xx\STM32H7_SPI.cpp:330:20: note: suggested alternative: 'SPI_SR_CRCE'
     uint32_t cr1 = SPI_CR1_CRCL | SPI_CR1_CPOL | SPI_CR1_CPHA | SPI_CR1_BR_2 | SPI_CR1_BR_1 | SPI_CR1_BR_0;
                    ^~~~~~~~~~~~
                    SPI_SR_CRCE
H:\TinyCLR\TinyCLR_PORT\TinyCLR_Port\Targets\STM32H7xx\STM32H7_SPI.cpp:330:35: error: 'SPI_CR1_CPOL' was not declared in this scope
     uint32_t cr1 = SPI_CR1_CRCL | SPI_CR1_CPOL | SPI_CR1_CPHA | SPI_CR1_BR_2 | SPI_CR1_BR_1 | SPI_CR1_BR_0;
                                   ^~~~~~~~~~~~
H:\TinyCLR\TinyCLR_PORT\TinyCLR_Port\Targets\STM32H7xx\STM32H7_SPI.cpp:330:35: note: suggested alternative: 'SPI_CFG2_CPOL'
     uint32_t cr1 = SPI_CR1_CRCL | SPI_CR1_CPOL | SPI_CR1_CPHA | SPI_CR1_BR_2 | SPI_CR1_BR_1 | SPI_CR1_BR_0;
                                   ^~~~~~~~~~~~
                                   SPI_CFG2_CPOL
H:\TinyCLR\TinyCLR_PORT\TinyCLR_Port\Targets\STM32H7xx\STM32H7_SPI.cpp:330:50: error: 'SPI_CR1_CPHA' was not declared in this scope
     uint32_t cr1 = SPI_CR1_CRCL | SPI_CR1_CPOL | SPI_CR1_CPHA | SPI_CR1_BR_2 | SPI_CR1_BR_1 | SPI_CR1_BR_0;
                                                  ^~~~~~~~~~~~
H:\TinyCLR\TinyCLR_PORT\TinyCLR_Port\Targets\STM32H7xx\STM32H7_SPI.cpp:330:50: note: suggested alternative: 'SPI_CFG2_CPHA'
     uint32_t cr1 = SPI_CR1_CRCL | SPI_CR1_CPOL | SPI_CR1_CPHA | SPI_CR1_BR_2 | SPI_CR1_BR_1 | SPI_CR1_BR_0;
                                                  ^~~~~~~~~~~~
                                                  SPI_CFG2_CPHA
H:\TinyCLR\TinyCLR_PORT\TinyCLR_Port\Targets\STM32H7xx\STM32H7_SPI.cpp:330:65: error: 'SPI_CR1_BR_2' was not declared in this scope
     uint32_t cr1 = SPI_CR1_CRCL | SPI_CR1_CPOL | SPI_CR1_CPHA | SPI_CR1_BR_2 | SPI_CR1_BR_1 | SPI_CR1_BR_0;
                                                                 ^~~~~~~~~~~~
H:\TinyCLR\TinyCLR_PORT\TinyCLR_Port\Targets\STM32H7xx\STM32H7_SPI.cpp:330:65: note: suggested alternative: 'SPI_CFG1_MBR_2'
     uint32_t cr1 = SPI_CR1_CRCL | SPI_CR1_CPOL | SPI_CR1_CPHA | SPI_CR1_BR_2 | SPI_CR1_BR_1 | SPI_CR1_BR_0;
                                                                 ^~~~~~~~~~~~
                                                                 SPI_CFG1_MBR_2
H:\TinyCLR\TinyCLR_PORT\TinyCLR_Port\Targets\STM32H7xx\STM32H7_SPI.cpp:330:80: error: 'SPI_CR1_BR_1' was not declared in this scope
     uint32_t cr1 = SPI_CR1_CRCL | SPI_CR1_CPOL | SPI_CR1_CPHA | SPI_CR1_BR_2 | SPI_CR1_BR_1 | SPI_CR1_BR_0;
                                                                                ^~~~~~~~~~~~
H:\TinyCLR\TinyCLR_PORT\TinyCLR_Port\Targets\STM32H7xx\STM32H7_SPI.cpp:330:80: note: suggested alternative: 'SPI_CFG1_MBR_1'
     uint32_t cr1 = SPI_CR1_CRCL | SPI_CR1_CPOL | SPI_CR1_CPHA | SPI_CR1_BR_2 | SPI_CR1_BR_1 | SPI_CR1_BR_0;
                                                                                ^~~~~~~~~~~~
                                                                                SPI_CFG1_MBR_1
H:\TinyCLR\TinyCLR_PORT\TinyCLR_Port\Targets\STM32H7xx\STM32H7_SPI.cpp:330:95: error: 'SPI_CR1_BR_0' was not declared in this scope
     uint32_t cr1 = SPI_CR1_CRCL | SPI_CR1_CPOL | SPI_CR1_CPHA | SPI_CR1_BR_2 | SPI_CR1_BR_1 | SPI_CR1_BR_0;
                                                                                               ^~~~~~~~~~~~
H:\TinyCLR\TinyCLR_PORT\TinyCLR_Port\Targets\STM32H7xx\STM32H7_SPI.cpp:330:95: note: suggested alternative: 'SPI_CFG1_MBR_0'
     uint32_t cr1 = SPI_CR1_CRCL | SPI_CR1_CPOL | SPI_CR1_CPHA | SPI_CR1_BR_2 | SPI_CR1_BR_1 | SPI_CR1_BR_0;
                                                                                               ^~~~~~~~~~~~
                                                                                               SPI_CFG1_MBR_0
H:\TinyCLR\TinyCLR_PORT\TinyCLR_Port\Targets\STM32H7xx\STM32H7_SPI.cpp:333:18: error: 'SPI_CR2_FRXTH' was not declared in this scope
     spi->CR2 &= ~SPI_CR2_FRXTH;
                  ^~~~~~~~~~~~~
H:\TinyCLR\TinyCLR_PORT\TinyCLR_Port\Targets\STM32H7xx\STM32H7_SPI.cpp:333:18: note: suggested alternative: 'SAI_xCR2_FTH'
     spi->CR2 &= ~SPI_CR2_FRXTH;
                  ^~~~~~~~~~~~~
                  SAI_xCR2_FTH
H:\TinyCLR\TinyCLR_PORT\TinyCLR_Port\Targets\STM32H7xx\STM32H7_SPI.cpp: In function 'TinyCLR_Result STM32H7_Spi_Acquire(const TinyCLR_Spi_Provider*, int32_t)':
H:\TinyCLR\TinyCLR_PORT\TinyCLR_Port\Targets\STM32H7xx\STM32H7_SPI.cpp:422:14: error: 'struct RCC_TypeDef' has no member named 'APB1ENR'; did you mean 'AHB1ENR'?
         RCC->APB1ENR |= RCC_APB1ENR_SPI2EN;
              ^~~~~~~
              AHB1ENR
H:\TinyCLR\TinyCLR_PORT\TinyCLR_Port\Targets\STM32H7xx\STM32H7_SPI.cpp:422:25: error: 'RCC_APB1ENR_SPI2EN' was not declared in this scope
         RCC->APB1ENR |= RCC_APB1ENR_SPI2EN;
                         ^~~~~~~~~~~~~~~~~~
H:\TinyCLR\TinyCLR_PORT\TinyCLR_Port\Targets\STM32H7xx\STM32H7_SPI.cpp:422:25: note: suggested alternative: 'RCC_APB1LENR_SPI2EN'
         RCC->APB1ENR |= RCC_APB1ENR_SPI2EN;
                         ^~~~~~~~~~~~~~~~~~
                         RCC_APB1LENR_SPI2EN
H:\TinyCLR\TinyCLR_PORT\TinyCLR_Port\Targets\STM32H7xx\STM32H7_SPI.cpp:427:14: error: 'struct RCC_TypeDef' has no member named 'APB1ENR'; did you mean 'AHB1ENR'?
         RCC->APB1ENR |= RCC_APB1ENR_SPI3EN;
              ^~~~~~~
              AHB1ENR
H:\TinyCLR\TinyCLR_PORT\TinyCLR_Port\Targets\STM32H7xx\STM32H7_SPI.cpp:427:25: error: 'RCC_APB1ENR_SPI3EN' was not declared in this scope
         RCC->APB1ENR |= RCC_APB1ENR_SPI3EN;
                         ^~~~~~~~~~~~~~~~~~
H:\TinyCLR\TinyCLR_PORT\TinyCLR_Port\Targets\STM32H7xx\STM32H7_SPI.cpp:427:25: note: suggested alternative: 'RCC_APB1LENR_SPI3EN'
         RCC->APB1ENR |= RCC_APB1ENR_SPI3EN;
                         ^~~~~~~~~~~~~~~~~~
                         RCC_APB1LENR_SPI3EN
H:\TinyCLR\TinyCLR_PORT\TinyCLR_Port\Targets\STM32H7xx\STM32H7_SPI.cpp:442:25: error: 'RCC_APB2ENR_SPI6EN' was not declared in this scope
         RCC->APB2ENR |= RCC_APB2ENR_SPI6EN;
                         ^~~~~~~~~~~~~~~~~~
H:\TinyCLR\TinyCLR_PORT\TinyCLR_Port\Targets\STM32H7xx\STM32H7_SPI.cpp:442:25: note: suggested alternative: 'RCC_APB2ENR_SPI1EN'
         RCC->APB2ENR |= RCC_APB2ENR_SPI6EN;
                         ^~~~~~~~~~~~~~~~~~
                         RCC_APB2ENR_SPI1EN
H:\TinyCLR\TinyCLR_PORT\TinyCLR_Port\Targets\STM32H7xx\STM32H7_SPI.cpp:455:16: error: 'SPI_CR1_SSM' was not declared in this scope
     spi->CR1 = SPI_CR1_SSM | SPI_CR1_SSI | SPI_CR1_MSTR | SPI_CR1_SPE;
                ^~~~~~~~~~~
H:\TinyCLR\TinyCLR_PORT\TinyCLR_Port\Targets\STM32H7xx\STM32H7_SPI.cpp:455:16: note: suggested alternative: 'SPI_CR1_SSI'
     spi->CR1 = SPI_CR1_SSM | SPI_CR1_SSI | SPI_CR1_MSTR | SPI_CR1_SPE;
                ^~~~~~~~~~~
                SPI_CR1_SSI
H:\TinyCLR\TinyCLR_PORT\TinyCLR_Port\Targets\STM32H7xx\STM32H7_SPI.cpp:455:44: error: 'SPI_CR1_MSTR' was not declared in this scope
     spi->CR1 = SPI_CR1_SSM | SPI_CR1_SSI | SPI_CR1_MSTR | SPI_CR1_SPE;
                                            ^~~~~~~~~~~~
H:\TinyCLR\TinyCLR_PORT\TinyCLR_Port\Targets\STM32H7xx\STM32H7_SPI.cpp:455:44: note: suggested alternative: 'SPI_CR1_CSTART'
     spi->CR1 = SPI_CR1_SSM | SPI_CR1_SSI | SPI_CR1_MSTR | SPI_CR1_SPE;
                                            ^~~~~~~~~~~~
                                            SPI_CR1_CSTART
H:\TinyCLR\TinyCLR_PORT\TinyCLR_Port\Targets\STM32H7xx\STM32H7_SPI.cpp: In function 'TinyCLR_Result STM32H7_Spi_Release(const TinyCLR_Spi_Provider*, int32_t)':
H:\TinyCLR\TinyCLR_PORT\TinyCLR_Port\Targets\STM32H7xx\STM32H7_SPI.cpp:482:14: error: 'struct RCC_TypeDef' has no member named 'APB1ENR'; did you mean 'AHB1ENR'?
         RCC->APB1ENR &= ~RCC_APB1ENR_SPI2EN;
              ^~~~~~~
              AHB1ENR
H:\TinyCLR\TinyCLR_PORT\TinyCLR_Port\Targets\STM32H7xx\STM32H7_SPI.cpp:482:26: error: 'RCC_APB1ENR_SPI2EN' was not declared in this scope
         RCC->APB1ENR &= ~RCC_APB1ENR_SPI2EN;
                          ^~~~~~~~~~~~~~~~~~
H:\TinyCLR\TinyCLR_PORT\TinyCLR_Port\Targets\STM32H7xx\STM32H7_SPI.cpp:482:26: note: suggested alternative: 'RCC_APB1LENR_SPI2EN'
         RCC->APB1ENR &= ~RCC_APB1ENR_SPI2EN;
                          ^~~~~~~~~~~~~~~~~~
                          RCC_APB1LENR_SPI2EN
H:\TinyCLR\TinyCLR_PORT\TinyCLR_Port\Targets\STM32H7xx\STM32H7_SPI.cpp:487:14: error: 'struct RCC_TypeDef' has no member named 'APB1ENR'; did you mean 'AHB1ENR'?
         RCC->APB1ENR &= ~RCC_APB1ENR_SPI3EN;
              ^~~~~~~
              AHB1ENR
H:\TinyCLR\TinyCLR_PORT\TinyCLR_Port\Targets\STM32H7xx\STM32H7_SPI.cpp:487:26: error: 'RCC_APB1ENR_SPI3EN' was not declared in this scope
         RCC->APB1ENR &= ~RCC_APB1ENR_SPI3EN;
                          ^~~~~~~~~~~~~~~~~~
H:\TinyCLR\TinyCLR_PORT\TinyCLR_Port\Targets\STM32H7xx\STM32H7_SPI.cpp:487:26: note: suggested alternative: 'RCC_APB1LENR_SPI3EN'
         RCC->APB1ENR &= ~RCC_APB1ENR_SPI3EN;
                          ^~~~~~~~~~~~~~~~~~
                          RCC_APB1LENR_SPI3EN
H:\TinyCLR\TinyCLR_PORT\TinyCLR_Port\Targets\STM32H7xx\STM32H7_SPI.cpp:502:26: error: 'RCC_APB2ENR_SPI6EN' was not declared in this scope
         RCC->APB2ENR &= ~RCC_APB2ENR_SPI6EN;
                          ^~~~~~~~~~~~~~~~~~
H:\TinyCLR\TinyCLR_PORT\TinyCLR_Port\Targets\STM32H7xx\STM32H7_SPI.cpp:502:26: note: suggested alternative: 'RCC_APB2ENR_SPI1EN'
         RCC->APB2ENR &= ~RCC_APB2ENR_SPI6EN;
                          ^~~~~~~~~~~~~~~~~~
                          RCC_APB2ENR_SPI1EN
H:\TinyCLR\TinyCLR_PORT\TinyCLR_Port\Targets\STM32H7xx\STM32H7_Startup.cpp: In function 'void SystemInit()':
H:\TinyCLR\TinyCLR_PORT\TinyCLR_Port\Targets\STM32H7xx\STM32H7_Startup.cpp:291:37: error: 'RCC_CR_PLLI2SON' was not declared in this scope
         RCC->CR &= ~(RCC_CR_PLLON | RCC_CR_PLLI2SON); // pll off
                                     ^~~~~~~~~~~~~~~
H:\TinyCLR\TinyCLR_PORT\TinyCLR_Port\Targets\STM32H7xx\STM32H7_Startup.cpp:291:37: note: suggested alternative: 'RCC_CR_PLL2ON'
         RCC->CR &= ~(RCC_CR_PLLON | RCC_CR_PLLI2SON); // pll off
                                     ^~~~~~~~~~~~~~~
                                     RCC_CR_PLL2ON
H:\TinyCLR\TinyCLR_PORT\TinyCLR_Port\Targets\STM32H7xx\STM32H7_Startup.cpp:304:27: error: 'FLASH_ACR_PRFTEN' was not declared in this scope
             FLASH->ACR |= FLASH_ACR_PRFTEN | FLASH_ACR_LATENCY_BITS | FLASH_ACR_ARTEN;
                           ^~~~~~~~~~~~~~~~
H:\TinyCLR\TinyCLR_PORT\TinyCLR_Port\Targets\STM32H7xx\STM32H7_Startup.cpp:304:27: note: suggested alternative: 'FLASH_CR_CRC_EN'
             FLASH->ACR |= FLASH_ACR_PRFTEN | FLASH_ACR_LATENCY_BITS | FLASH_ACR_ARTEN;
                           ^~~~~~~~~~~~~~~~
                           FLASH_CR_CRC_EN
H:\TinyCLR\TinyCLR_PORT\TinyCLR_Port\Targets\STM32H7xx\STM32H7_Startup.cpp:304:71: error: 'FLASH_ACR_ARTEN' was not declared in this scope
             FLASH->ACR |= FLASH_ACR_PRFTEN | FLASH_ACR_LATENCY_BITS | FLASH_ACR_ARTEN;
                                                                       ^~~~~~~~~~~~~~~
H:\TinyCLR\TinyCLR_PORT\TinyCLR_Port\Targets\STM32H7xx\STM32H7_Startup.cpp:304:71: note: suggested alternative: 'FLASH_ACR_LATENCY'
             FLASH->ACR |= FLASH_ACR_PRFTEN | FLASH_ACR_LATENCY_BITS | FLASH_ACR_ARTEN;
                                                                       ^~~~~~~~~~~~~~~
                                                                       FLASH_ACR_LATENCY
H:\TinyCLR\TinyCLR_PORT\TinyCLR_Port\Targets\STM32H7xx\STM32H7_Startup.cpp:102:73: error: 'RCC_PLLCFGR_PLLM_0' was not declared in this scope
 #define RCC_PLLCFGR_PLLM_BITS (STM32H7_EXT_CRYSTAL_CLOCK_HZ / ONE_MHZ * RCC_PLLCFGR_PLLM_0)
                                                                         ^
H:\TinyCLR\TinyCLR_PORT\TinyCLR_Port\Targets\STM32H7xx\STM32H7_Startup.cpp:138:31: note: in expansion of macro 'RCC_PLLCFGR_PLLM_BITS'
 #define RCC_PLLCFGR_PLL_BITS (RCC_PLLCFGR_PLLM_BITS \
                               ^~~~~~~~~~~~~~~~~~~~~
H:\TinyCLR\TinyCLR_PORT\TinyCLR_Port\Targets\STM32H7xx\STM32H7_Startup.cpp:311:24: note: in expansion of macro 'RCC_PLLCFGR_PLL_BITS'
         RCC->PLLCFGR = RCC_PLLCFGR_PLL_BITS; // pll multipliers
                        ^~~~~~~~~~~~~~~~~~~~
H:\TinyCLR\TinyCLR_PORT\TinyCLR_Port\Targets\STM32H7xx\STM32H7_Startup.cpp:102:73: note: suggested alternative: 'RCC_PLLCFGR_PLLM_BITS'
 #define RCC_PLLCFGR_PLLM_BITS (STM32H7_EXT_CRYSTAL_CLOCK_HZ / ONE_MHZ * RCC_PLLCFGR_PLLM_0)
                                                                         ^
H:\TinyCLR\TinyCLR_PORT\TinyCLR_Port\Targets\STM32H7xx\STM32H7_Startup.cpp:138:31: note: in expansion of macro 'RCC_PLLCFGR_PLLM_BITS'
 #define RCC_PLLCFGR_PLL_BITS (RCC_PLLCFGR_PLLM_BITS \
                               ^~~~~~~~~~~~~~~~~~~~~
H:\TinyCLR\TinyCLR_PORT\TinyCLR_Port\Targets\STM32H7xx\STM32H7_Startup.cpp:311:24: note: in expansion of macro 'RCC_PLLCFGR_PLL_BITS'
         RCC->PLLCFGR = RCC_PLLCFGR_PLL_BITS; // pll multipliers
                        ^~~~~~~~~~~~~~~~~~~~
H:\TinyCLR\TinyCLR_PORT\TinyCLR_Port\Targets\STM32H7xx\STM32H7_Startup.cpp:103:72: error: 'RCC_PLLCFGR_PLLN_0' was not declared in this scope
 #define RCC_PLLCFGR_PLLN_BITS (STM32H7_SYSTEM_CLOCK_HZ * 2 / ONE_MHZ * RCC_PLLCFGR_PLLN_0)
                                                                        ^
H:\TinyCLR\TinyCLR_PORT\TinyCLR_Port\Targets\STM32H7xx\STM32H7_Startup.cpp:139:31: note: in expansion of macro 'RCC_PLLCFGR_PLLN_BITS'
                             | RCC_PLLCFGR_PLLN_BITS \
                               ^~~~~~~~~~~~~~~~~~~~~
H:\TinyCLR\TinyCLR_PORT\TinyCLR_Port\Targets\STM32H7xx\STM32H7_Startup.cpp:311:24: note: in expansion of macro 'RCC_PLLCFGR_PLL_BITS'
         RCC->PLLCFGR = RCC_PLLCFGR_PLL_BITS; // pll multipliers
                        ^~~~~~~~~~~~~~~~~~~~
H:\TinyCLR\TinyCLR_PORT\TinyCLR_Port\Targets\STM32H7xx\STM32H7_Startup.cpp:103:72: note: suggested alternative: 'RCC_PLLCFGR_PLL2RGE_0'
 #define RCC_PLLCFGR_PLLN_BITS (STM32H7_SYSTEM_CLOCK_HZ * 2 / ONE_MHZ * RCC_PLLCFGR_PLLN_0)
                                                                        ^
H:\TinyCLR\TinyCLR_PORT\TinyCLR_Port\Targets\STM32H7xx\STM32H7_Startup.cpp:139:31: note: in expansion of macro 'RCC_PLLCFGR_PLLN_BITS'
                             | RCC_PLLCFGR_PLLN_BITS \
                               ^~~~~~~~~~~~~~~~~~~~~
H:\TinyCLR\TinyCLR_PORT\TinyCLR_Port\Targets\STM32H7xx\STM32H7_Startup.cpp:311:24: note: in expansion of macro 'RCC_PLLCFGR_PLL_BITS'
         RCC->PLLCFGR = RCC_PLLCFGR_PLL_BITS; // pll multipliers
                        ^~~~~~~~~~~~~~~~~~~~
H:\TinyCLR\TinyCLR_PORT\TinyCLR_Port\Targets\STM32H7xx\STM32H7_Startup.cpp:105:73: error: 'RCC_PLLCFGR_PLLQ_0' was not declared in this scope
 #define RCC_PLLCFGR_PLLQ_BITS (STM32H7_SYSTEM_CLOCK_HZ * 2 / 48000000 * RCC_PLLCFGR_PLLQ_0)
                                                                         ^
H:\TinyCLR\TinyCLR_PORT\TinyCLR_Port\Targets\STM32H7xx\STM32H7_Startup.cpp:141:31: note: in expansion of macro 'RCC_PLLCFGR_PLLQ_BITS'
                             | RCC_PLLCFGR_PLLQ_BITS \
                               ^~~~~~~~~~~~~~~~~~~~~
H:\TinyCLR\TinyCLR_PORT\TinyCLR_Port\Targets\STM32H7xx\STM32H7_Startup.cpp:311:24: note: in expansion of macro 'RCC_PLLCFGR_PLL_BITS'
         RCC->PLLCFGR = RCC_PLLCFGR_PLL_BITS; // pll multipliers
                        ^~~~~~~~~~~~~~~~~~~~
H:\TinyCLR\TinyCLR_PORT\TinyCLR_Port\Targets\STM32H7xx\STM32H7_Startup.cpp:105:73: note: suggested alternative: 'RCC_PLLCFGR_PLL2RGE_0'
 #define RCC_PLLCFGR_PLLQ_BITS (STM32H7_SYSTEM_CLOCK_HZ * 2 / 48000000 * RCC_PLLCFGR_PLLQ_0)
                                                                         ^
H:\TinyCLR\TinyCLR_PORT\TinyCLR_Port\Targets\STM32H7xx\STM32H7_Startup.cpp:141:31: note: in expansion of macro 'RCC_PLLCFGR_PLLQ_BITS'
                             | RCC_PLLCFGR_PLLQ_BITS \
                               ^~~~~~~~~~~~~~~~~~~~~
H:\TinyCLR\TinyCLR_PORT\TinyCLR_Port\Targets\STM32H7xx\STM32H7_Startup.cpp:311:24: note: in expansion of macro 'RCC_PLLCFGR_PLL_BITS'
         RCC->PLLCFGR = RCC_PLLCFGR_PLL_BITS; // pll multipliers
                        ^~~~~~~~~~~~~~~~~~~~
H:\TinyCLR\TinyCLR_PORT\TinyCLR_Port\Targets\STM32H7xx\STM32H7_Startup.cpp:92:32: error: 'RCC_PLLCFGR_PLLSRC_HSE' was not declared in this scope
 #define RCC_PLLCFGR_PLLS_BITS (RCC_PLLCFGR_PLLSRC_HSE)
                                ^
H:\TinyCLR\TinyCLR_PORT\TinyCLR_Port\Targets\STM32H7xx\STM32H7_Startup.cpp:142:31: note: in expansion of macro 'RCC_PLLCFGR_PLLS_BITS'
                             | RCC_PLLCFGR_PLLS_BITS)
                               ^~~~~~~~~~~~~~~~~~~~~
H:\TinyCLR\TinyCLR_PORT\TinyCLR_Port\Targets\STM32H7xx\STM32H7_Startup.cpp:311:24: note: in expansion of macro 'RCC_PLLCFGR_PLL_BITS'
         RCC->PLLCFGR = RCC_PLLCFGR_PLL_BITS; // pll multipliers
                        ^~~~~~~~~~~~~~~~~~~~
H:\TinyCLR\TinyCLR_PORT\TinyCLR_Port\Targets\STM32H7xx\STM32H7_Startup.cpp:92:32: note: suggested alternative: 'RCC_PLLCKSELR_PLLSRC_HSE'
 #define RCC_PLLCFGR_PLLS_BITS (RCC_PLLCFGR_PLLSRC_HSE)
                                ^
H:\TinyCLR\TinyCLR_PORT\TinyCLR_Port\Targets\STM32H7xx\STM32H7_Startup.cpp:142:31: note: in expansion of macro 'RCC_PLLCFGR_PLLS_BITS'
                             | RCC_PLLCFGR_PLLS_BITS)
                               ^~~~~~~~~~~~~~~~~~~~~
H:\TinyCLR\TinyCLR_PORT\TinyCLR_Port\Targets\STM32H7xx\STM32H7_Startup.cpp:311:24: note: in expansion of macro 'RCC_PLLCFGR_PLL_BITS'
         RCC->PLLCFGR = RCC_PLLCFGR_PLL_BITS; // pll multipliers
                        ^~~~~~~~~~~~~~~~~~~~
H:\TinyCLR\TinyCLR_PORT\TinyCLR_Port\Targets\STM32H7xx\STM32H7_Startup.cpp:316:30: error: 'RCC_CFGR_HPRE_Msk' was not declared in this scope
   RCC->CFGR = (RCC->CFGR & ~(RCC_CFGR_HPRE_Msk | RCC_CFGR_PPRE1_Msk | RCC_CFGR_PPRE2_Msk));
                              ^~~~~~~~~~~~~~~~~
H:\TinyCLR\TinyCLR_PORT\TinyCLR_Port\Targets\STM32H7xx\STM32H7_Startup.cpp:316:30: note: suggested alternative: 'RCC_D1CFGR_HPRE_Msk'
   RCC->CFGR = (RCC->CFGR & ~(RCC_CFGR_HPRE_Msk | RCC_CFGR_PPRE1_Msk | RCC_CFGR_PPRE2_Msk));
                              ^~~~~~~~~~~~~~~~~
                              RCC_D1CFGR_HPRE_Msk
H:\TinyCLR\TinyCLR_PORT\TinyCLR_Port\Targets\STM32H7xx\STM32H7_Startup.cpp:316:50: error: 'RCC_CFGR_PPRE1_Msk' was not declared in this scope
   RCC->CFGR = (RCC->CFGR & ~(RCC_CFGR_HPRE_Msk | RCC_CFGR_PPRE1_Msk | RCC_CFGR_PPRE2_Msk));
                                                  ^~~~~~~~~~~~~~~~~~
H:\TinyCLR\TinyCLR_PORT\TinyCLR_Port\Targets\STM32H7xx\STM32H7_Startup.cpp:316:50: note: suggested alternative: 'RCC_D2CFGR_D2PPRE1_Msk'
   RCC->CFGR = (RCC->CFGR & ~(RCC_CFGR_HPRE_Msk | RCC_CFGR_PPRE1_Msk | RCC_CFGR_PPRE2_Msk));
                                                  ^~~~~~~~~~~~~~~~~~
                                                  RCC_D2CFGR_D2PPRE1_Msk
H:\TinyCLR\TinyCLR_PORT\TinyCLR_Port\Targets\STM32H7xx\STM32H7_Startup.cpp:316:71: error: 'RCC_CFGR_PPRE2_Msk' was not declared in this scope
   RCC->CFGR = (RCC->CFGR & ~(RCC_CFGR_HPRE_Msk | RCC_CFGR_PPRE1_Msk | RCC_CFGR_PPRE2_Msk));
                                                                       ^~~~~~~~~~~~~~~~~~
H:\TinyCLR\TinyCLR_PORT\TinyCLR_Port\Targets\STM32H7xx\STM32H7_Startup.cpp:316:71: note: suggested alternative: 'RCC_D2CFGR_D2PPRE2_Msk'
   RCC->CFGR = (RCC->CFGR & ~(RCC_CFGR_HPRE_Msk | RCC_CFGR_PPRE1_Msk | RCC_CFGR_PPRE2_Msk));
                                                                       ^~~~~~~~~~~~~~~~~~
                                                                       RCC_D2CFGR_D2PPRE2_Msk
H:\TinyCLR\TinyCLR_PORT\TinyCLR_Port\Targets\STM32H7xx\STM32H7_Startup.cpp:319:21: error: 'RCC_CFGR_SW_PLL' was not declared in this scope
         RCC->CFGR = RCC_CFGR_SW_PLL          // sysclk = pll out (STM32H7_SYSTEM_CLOCK_HZ)
                     ^~~~~~~~~~~~~~~
H:\TinyCLR\TinyCLR_PORT\TinyCLR_Port\Targets\STM32H7xx\STM32H7_Startup.cpp:319:21: note: suggested alternative: 'RCC_CFGR_SW_PLL1'
         RCC->CFGR = RCC_CFGR_SW_PLL          // sysclk = pll out (STM32H7_SYSTEM_CLOCK_HZ)
                     ^~~~~~~~~~~~~~~
                     RCC_CFGR_SW_PLL1
H:\TinyCLR\TinyCLR_PORT\TinyCLR_Port\Targets\STM32H7xx\STM32H7_Startup.cpp:145:32: error: 'RCC_CFGR_HPRE_DIV1' was not declared in this scope
 #define RCC_CFGR_HPRE_DIV_BITS RCC_CFGR_HPRE_DIV1
                                ^
H:\TinyCLR\TinyCLR_PORT\TinyCLR_Port\Targets\STM32H7xx\STM32H7_Startup.cpp:320:15: note: in expansion of macro 'RCC_CFGR_HPRE_DIV_BITS'
             | RCC_CFGR_HPRE_DIV_BITS   // AHB clock
               ^~~~~~~~~~~~~~~~~~~~~~
H:\TinyCLR\TinyCLR_PORT\TinyCLR_Port\Targets\STM32H7xx\STM32H7_Startup.cpp:145:32: note: suggested alternative: 'RCC_D1CFGR_HPRE_DIV1'
 #define RCC_CFGR_HPRE_DIV_BITS RCC_CFGR_HPRE_DIV1
                                ^
H:\TinyCLR\TinyCLR_PORT\TinyCLR_Port\Targets\STM32H7xx\STM32H7_Startup.cpp:320:15: note: in expansion of macro 'RCC_CFGR_HPRE_DIV_BITS'
             | RCC_CFGR_HPRE_DIV_BITS   // AHB clock
               ^~~~~~~~~~~~~~~~~~~~~~
H:\TinyCLR\TinyCLR_PORT\TinyCLR_Port\Targets\STM32H7xx\STM32H7_Startup.cpp:171:33: error: 'RCC_CFGR_PPRE1_DIV4' was not declared in this scope
 #define RCC_CFGR_PPRE1_DIV_BITS RCC_CFGR_PPRE1_DIV4
                                 ^
H:\TinyCLR\TinyCLR_PORT\TinyCLR_Port\Targets\STM32H7xx\STM32H7_Startup.cpp:321:15: note: in expansion of macro 'RCC_CFGR_PPRE1_DIV_BITS'
             | RCC_CFGR_PPRE1_DIV_BITS  // APB1 clock
               ^~~~~~~~~~~~~~~~~~~~~~~
H:\TinyCLR\TinyCLR_PORT\TinyCLR_Port\Targets\STM32H7xx\STM32H7_Startup.cpp:171:33: note: suggested alternative: 'RCC_D1CFGR_HPRE_DIV4'
 #define RCC_CFGR_PPRE1_DIV_BITS RCC_CFGR_PPRE1_DIV4
                                 ^
H:\TinyCLR\TinyCLR_PORT\TinyCLR_Port\Targets\STM32H7xx\STM32H7_Startup.cpp:321:15: note: in expansion of macro 'RCC_CFGR_PPRE1_DIV_BITS'
             | RCC_CFGR_PPRE1_DIV_BITS  // APB1 clock
               ^~~~~~~~~~~~~~~~~~~~~~~
H:\TinyCLR\TinyCLR_PORT\TinyCLR_Port\Targets\STM32H7xx\STM32H7_Startup.cpp:183:33: error: 'RCC_CFGR_PPRE2_DIV2' was not declared in this scope
 #define RCC_CFGR_PPRE2_DIV_BITS RCC_CFGR_PPRE2_DIV2
                                 ^
H:\TinyCLR\TinyCLR_PORT\TinyCLR_Port\Targets\STM32H7xx\STM32H7_Startup.cpp:322:15: note: in expansion of macro 'RCC_CFGR_PPRE2_DIV_BITS'
             | RCC_CFGR_PPRE2_DIV_BITS; // APB2 clock
               ^~~~~~~~~~~~~~~~~~~~~~~
H:\TinyCLR\TinyCLR_PORT\TinyCLR_Port\Targets\STM32H7xx\STM32H7_Startup.cpp:183:33: note: suggested alternative: 'RCC_D1CFGR_HPRE_DIV2'
 #define RCC_CFGR_PPRE2_DIV_BITS RCC_CFGR_PPRE2_DIV2
                                 ^
H:\TinyCLR\TinyCLR_PORT\TinyCLR_Port\Targets\STM32H7xx\STM32H7_Startup.cpp:322:15: note: in expansion of macro 'RCC_CFGR_PPRE2_DIV_BITS'
             | RCC_CFGR_PPRE2_DIV_BITS; // APB2 clock
               ^~~~~~~~~~~~~~~~~~~~~~~
H:\TinyCLR\TinyCLR_PORT\TinyCLR_Port\Targets\STM32H7xx\STM32H7_Startup.cpp:325:46: error: 'RCC_CFGR_SWS_PLL' was not declared in this scope
         while ((RCC->CFGR & RCC_CFGR_SWS) != RCC_CFGR_SWS_PLL);
                                              ^~~~~~~~~~~~~~~~
H:\TinyCLR\TinyCLR_PORT\TinyCLR_Port\Targets\STM32H7xx\STM32H7_Startup.cpp:325:46: note: suggested alternative: 'RCC_CFGR_SWS_PLL1'
         while ((RCC->CFGR & RCC_CFGR_SWS) != RCC_CFGR_SWS_PLL);
                                              ^~~~~~~~~~~~~~~~
                                              RCC_CFGR_SWS_PLL1
H:\TinyCLR\TinyCLR_PORT\TinyCLR_Port\Targets\STM32H7xx\STM32H7_Startup.cpp:335:14: error: 'struct RCC_TypeDef' has no member named 'APB1ENR'; did you mean 'AHB1ENR'?
         RCC->APB1ENR |= RCC_APB1ENR_PWREN;    // PWR clock used for sleep;
              ^~~~~~~
              AHB1ENR
H:\TinyCLR\TinyCLR_PORT\TinyCLR_Port\Targets\STM32H7xx\STM32H7_Startup.cpp:335:25: error: 'RCC_APB1ENR_PWREN' was not declared in this scope
         RCC->APB1ENR |= RCC_APB1ENR_PWREN;    // PWR clock used for sleep;
                         ^~~~~~~~~~~~~~~~~
H:\TinyCLR\TinyCLR_PORT\TinyCLR_Port\Targets\STM32H7xx\STM32H7_Startup.cpp:335:25: note: suggested alternative: 'RCC_APB1HENR_CRSEN'
         RCC->APB1ENR |= RCC_APB1ENR_PWREN;    // PWR clock used for sleep;
                         ^~~~~~~~~~~~~~~~~
                         RCC_APB1HENR_CRSEN
H:\TinyCLR\TinyCLR_PORT\TinyCLR_Port\Targets\STM32H7xx\STM32H7_Startup.cpp:336:25: error: 'RCC_APB2ENR_SYSCFGEN' was not declared in this scope
         RCC->APB2ENR |= RCC_APB2ENR_SYSCFGEN; // SYSCFG clock used for IO;
                         ^~~~~~~~~~~~~~~~~~~~
H:\TinyCLR\TinyCLR_PORT\TinyCLR_Port\Targets\STM32H7xx\STM32H7_Startup.cpp:336:25: note: suggested alternative: 'RCC_APB4ENR_SYSCFGEN'
         RCC->APB2ENR |= RCC_APB2ENR_SYSCFGEN; // SYSCFG clock used for IO;
                         ^~~~~~~~~~~~~~~~~~~~
                         RCC_APB4ENR_SYSCFGEN
H:\TinyCLR\TinyCLR_PORT\TinyCLR_Port\Targets\STM32H7xx\STM32H7_Startup.cpp:346:17: error: 'struct SYSCFG_TypeDef' has no member named 'MEMRMP'
         SYSCFG->MEMRMP = 1; // map System memory to Boot area
                 ^~~~~~
H:\TinyCLR\TinyCLR_PORT\TinyCLR_Port\Targets\STM32H7xx\STM32H7_Startup.cpp:349:25: error: 'RCC_AHB1ENR_GPIOAEN' was not declared in this scope
         RCC->AHB1ENR |= RCC_AHB1ENR_GPIOAEN | RCC_AHB1ENR_GPIOBEN | RCC_AHB1ENR_GPIOCEN | RCC_AHB1ENR_GPIODEN;
                         ^~~~~~~~~~~~~~~~~~~
H:\TinyCLR\TinyCLR_PORT\TinyCLR_Port\Targets\STM32H7xx\STM32H7_Startup.cpp:349:25: note: suggested alternative: 'RCC_AHB4ENR_GPIOAEN'
         RCC->AHB1ENR |= RCC_AHB1ENR_GPIOAEN | RCC_AHB1ENR_GPIOBEN | RCC_AHB1ENR_GPIOCEN | RCC_AHB1ENR_GPIODEN;
                         ^~~~~~~~~~~~~~~~~~~
                         RCC_AHB4ENR_GPIOAEN
H:\TinyCLR\TinyCLR_PORT\TinyCLR_Port\Targets\STM32H7xx\STM32H7_Startup.cpp:349:47: error: 'RCC_AHB1ENR_GPIOBEN' was not declared in this scope
         RCC->AHB1ENR |= RCC_AHB1ENR_GPIOAEN | RCC_AHB1ENR_GPIOBEN | RCC_AHB1ENR_GPIOCEN | RCC_AHB1ENR_GPIODEN;
                                               ^~~~~~~~~~~~~~~~~~~
H:\TinyCLR\TinyCLR_PORT\TinyCLR_Port\Targets\STM32H7xx\STM32H7_Startup.cpp:349:47: note: suggested alternative: 'RCC_AHB4ENR_GPIOBEN'
         RCC->AHB1ENR |= RCC_AHB1ENR_GPIOAEN | RCC_AHB1ENR_GPIOBEN | RCC_AHB1ENR_GPIOCEN | RCC_AHB1ENR_GPIODEN;
                                               ^~~~~~~~~~~~~~~~~~~
                                               RCC_AHB4ENR_GPIOBEN
H:\TinyCLR\TinyCLR_PORT\TinyCLR_Port\Targets\STM32H7xx\STM32H7_Startup.cpp:349:69: error: 'RCC_AHB1ENR_GPIOCEN' was not declared in this scope
         RCC->AHB1ENR |= RCC_AHB1ENR_GPIOAEN | RCC_AHB1ENR_GPIOBEN | RCC_AHB1ENR_GPIOCEN | RCC_AHB1ENR_GPIODEN;
                                                                     ^~~~~~~~~~~~~~~~~~~
H:\TinyCLR\TinyCLR_PORT\TinyCLR_Port\Targets\STM32H7xx\STM32H7_Startup.cpp:349:69: note: suggested alternative: 'RCC_AHB4ENR_GPIOCEN'
         RCC->AHB1ENR |= RCC_AHB1ENR_GPIOAEN | RCC_AHB1ENR_GPIOBEN | RCC_AHB1ENR_GPIOCEN | RCC_AHB1ENR_GPIODEN;
                                                                     ^~~~~~~~~~~~~~~~~~~
                                                                     RCC_AHB4ENR_GPIOCEN
H:\TinyCLR\TinyCLR_PORT\TinyCLR_Port\Targets\STM32H7xx\STM32H7_Startup.cpp:349:91: error: 'RCC_AHB1ENR_GPIODEN' was not declared in this scope
         RCC->AHB1ENR |= RCC_AHB1ENR_GPIOAEN | RCC_AHB1ENR_GPIOBEN | RCC_AHB1ENR_GPIOCEN | RCC_AHB1ENR_GPIODEN;
                                                                                           ^~~~~~~~~~~~~~~~~~~
H:\TinyCLR\TinyCLR_PORT\TinyCLR_Port\Targets\STM32H7xx\STM32H7_Startup.cpp:349:91: note: suggested alternative: 'RCC_AHB4ENR_GPIODEN'
         RCC->AHB1ENR |= RCC_AHB1ENR_GPIOAEN | RCC_AHB1ENR_GPIOBEN | RCC_AHB1ENR_GPIOCEN | RCC_AHB1ENR_GPIODEN;
                                                                                           ^~~~~~~~~~~~~~~~~~~
                                                                                           RCC_AHB4ENR_GPIODEN
H:\TinyCLR\TinyCLR_PORT\TinyCLR_Port\Targets\STM32H7xx\STM32H7_UART.cpp: In function 'TinyCLR_Result STM32H7_Uart_SetActiveSettings(const TinyCLR_Uart_Provider*, int32_t, uint32_t, uint32_t, TinyCLR_Uart_Parity, TinyCLR_Uart_StopBitCount, TinyCLR_Uart_Handshake)':
H:\TinyCLR\TinyCLR_PORT\TinyCLR_Port\Targets\STM32H7xx\STM32H7_UART.cpp:342:14: error: 'struct RCC_TypeDef' has no member named 'APB1ENR'; did you mean 'AHB1ENR'?
         RCC->APB1ENR |= RCC_APB1ENR_USART2EN >> 1 << controller;
              ^~~~~~~
              AHB1ENR
H:\TinyCLR\TinyCLR_PORT\TinyCLR_Port\Targets\STM32H7xx\STM32H7_UART.cpp:342:25: error: 'RCC_APB1ENR_USART2EN' was not declared in this scope
         RCC->APB1ENR |= RCC_APB1ENR_USART2EN >> 1 << controller;
                         ^~~~~~~~~~~~~~~~~~~~
H:\TinyCLR\TinyCLR_PORT\TinyCLR_Port\Targets\STM32H7xx\STM32H7_UART.cpp:342:25: note: suggested alternative: 'RCC_APB1LENR_USART2EN'
         RCC->APB1ENR |= RCC_APB1ENR_USART2EN >> 1 << controller;
                         ^~~~~~~~~~~~~~~~~~~~
                         RCC_APB1LENR_USART2EN
H:\TinyCLR\TinyCLR_PORT\TinyCLR_Port\Targets\STM32H7xx\STM32H7_UART.cpp:348:14: error: 'struct RCC_TypeDef' has no member named 'APB1ENR'; did you mean 'AHB1ENR'?
         RCC->APB1ENR |= RCC_APB1ENR_UART7EN;
              ^~~~~~~
              AHB1ENR
H:\TinyCLR\TinyCLR_PORT\TinyCLR_Port\Targets\STM32H7xx\STM32H7_UART.cpp:348:25: error: 'RCC_APB1ENR_UART7EN' was not declared in this scope
         RCC->APB1ENR |= RCC_APB1ENR_UART7EN;
                         ^~~~~~~~~~~~~~~~~~~
H:\TinyCLR\TinyCLR_PORT\TinyCLR_Port\Targets\STM32H7xx\STM32H7_UART.cpp:348:25: note: suggested alternative: 'RCC_APB1LENR_UART7EN'
         RCC->APB1ENR |= RCC_APB1ENR_UART7EN;
                         ^~~~~~~~~~~~~~~~~~~
                         RCC_APB1LENR_UART7EN
H:\TinyCLR\TinyCLR_PORT\TinyCLR_Port\Targets\STM32H7xx\STM32H7_UART.cpp:354:14: error: 'struct RCC_TypeDef' has no member named 'APB1ENR'; did you mean 'AHB1ENR'?
         RCC->APB1ENR |= RCC_APB1ENR_UART8EN;
              ^~~~~~~
              AHB1ENR
H:\TinyCLR\TinyCLR_PORT\TinyCLR_Port\Targets\STM32H7xx\STM32H7_UART.cpp:354:25: error: 'RCC_APB1ENR_UART8EN' was not declared in this scope
         RCC->APB1ENR |= RCC_APB1ENR_UART8EN;
                         ^~~~~~~~~~~~~~~~~~~
H:\TinyCLR\TinyCLR_PORT\TinyCLR_Port\Targets\STM32H7xx\STM32H7_UART.cpp:354:25: note: suggested alternative: 'RCC_APB1LENR_UART8EN'
         RCC->APB1ENR |= RCC_APB1ENR_UART8EN;
                         ^~~~~~~~~~~~~~~~~~~
                         RCC_APB1LENR_UART8EN
H:\TinyCLR\TinyCLR_PORT\TinyCLR_Port\Targets\STM32H7xx\STM32H7_UART.cpp: In function 'TinyCLR_Result STM32H7_Uart_Release(const TinyCLR_Uart_Provider*, int32_t)':
H:\TinyCLR\TinyCLR_PORT\TinyCLR_Port\Targets\STM32H7xx\STM32H7_UART.cpp:553:14: error: 'struct RCC_TypeDef' has no member named 'APB1ENR'; did you mean 'AHB1ENR'?
         RCC->APB1ENR &= ~(RCC_APB1ENR_USART2EN >> 1 << controller);
              ^~~~~~~
              AHB1ENR
H:\TinyCLR\TinyCLR_PORT\TinyCLR_Port\Targets\STM32H7xx\STM32H7_UART.cpp:553:27: error: 'RCC_APB1ENR_USART2EN' was not declared in this scope
         RCC->APB1ENR &= ~(RCC_APB1ENR_USART2EN >> 1 << controller);
                           ^~~~~~~~~~~~~~~~~~~~
H:\TinyCLR\TinyCLR_PORT\TinyCLR_Port\Targets\STM32H7xx\STM32H7_UART.cpp:553:27: note: suggested alternative: 'RCC_APB1LENR_USART2EN'
         RCC->APB1ENR &= ~(RCC_APB1ENR_USART2EN >> 1 << controller);
                           ^~~~~~~~~~~~~~~~~~~~
                           RCC_APB1LENR_USART2EN
H:\TinyCLR\TinyCLR_PORT\TinyCLR_Port\Targets\STM32H7xx\STM32H7_UART.cpp:558:14: error: 'struct RCC_TypeDef' has no member named 'APB1ENR'; did you mean 'AHB1ENR'?
         RCC->APB1ENR &= ~RCC_APB1ENR_UART7EN;
              ^~~~~~~
              AHB1ENR
H:\TinyCLR\TinyCLR_PORT\TinyCLR_Port\Targets\STM32H7xx\STM32H7_UART.cpp:558:26: error: 'RCC_APB1ENR_UART7EN' was not declared in this scope
         RCC->APB1ENR &= ~RCC_APB1ENR_UART7EN;
                          ^~~~~~~~~~~~~~~~~~~
H:\TinyCLR\TinyCLR_PORT\TinyCLR_Port\Targets\STM32H7xx\STM32H7_UART.cpp:558:26: note: suggested alternative: 'RCC_APB1LENR_UART7EN'
         RCC->APB1ENR &= ~RCC_APB1ENR_UART7EN;
                          ^~~~~~~~~~~~~~~~~~~
                          RCC_APB1LENR_UART7EN
H:\TinyCLR\TinyCLR_PORT\TinyCLR_Port\Targets\STM32H7xx\STM32H7_UART.cpp:563:14: error: 'struct RCC_TypeDef' has no member named 'APB1ENR'; did you mean 'AHB1ENR'?
         RCC->APB1ENR &= ~RCC_APB1ENR_UART8EN;
              ^~~~~~~
              AHB1ENR
H:\TinyCLR\TinyCLR_PORT\TinyCLR_Port\Targets\STM32H7xx\STM32H7_UART.cpp:563:26: error: 'RCC_APB1ENR_UART8EN' was not declared in this scope
         RCC->APB1ENR &= ~RCC_APB1ENR_UART8EN;
                          ^~~~~~~~~~~~~~~~~~~
H:\TinyCLR\TinyCLR_PORT\TinyCLR_Port\Targets\STM32H7xx\STM32H7_UART.cpp:563:26: note: suggested alternative: 'RCC_APB1LENR_UART8EN'
         RCC->APB1ENR &= ~RCC_APB1ENR_UART8EN;
                          ^~~~~~~~~~~~~~~~~~~
                          RCC_APB1LENR_UART8EN
H:\TinyCLR\TinyCLR_PORT\TinyCLR_Port\Targets\STM32H7xx\STM32H7_USBC.cpp: In function 'bool STM32H7_UsbClient_Initialize(USB_CONTROLLER_STATE*)':
H:\TinyCLR\TinyCLR_PORT\TinyCLR_Port\Targets\STM32H7xx\STM32H7_USBC.cpp:345:18: error: 'RCC_AHB2ENR_OTGFSEN' was not declared in this scope
  RCC->AHB2ENR |= RCC_AHB2ENR_OTGFSEN;
                  ^~~~~~~~~~~~~~~~~~~
H:\TinyCLR\TinyCLR_PORT\TinyCLR_Port\Targets\STM32H7xx\STM32H7_USBC.cpp:345:18: note: suggested alternative: 'RCC_AHB2ENR_RNGEN'
  RCC->AHB2ENR |= RCC_AHB2ENR_OTGFSEN;
                  ^~~~~~~~~~~~~~~~~~~
                  RCC_AHB2ENR_RNGEN
H:\TinyCLR\TinyCLR_PORT\TinyCLR_Port\Targets\STM32H7xx\STM32H7_USBC.cpp:347:20: error: 'RCC_AHB2LPENR_OTGFSLPEN' was not declared in this scope
  RCC->AHB2LPENR |= RCC_AHB2LPENR_OTGFSLPEN;
                    ^~~~~~~~~~~~~~~~~~~~~~~
H:\TinyCLR\TinyCLR_PORT\TinyCLR_Port\Targets\STM32H7xx\STM32H7_USBC.cpp:347:20: note: suggested alternative: 'RCC_AHB2LPENR_RNGLPEN'
  RCC->AHB2LPENR |= RCC_AHB2LPENR_OTGFSLPEN;
                    ^~~~~~~~~~~~~~~~~~~~~~~
                    RCC_AHB2LPENR_RNGLPEN
H:\TinyCLR\TinyCLR_PORT\TinyCLR_Port\Targets\STM32H7xx\STM32H7_USBC.cpp:350:18: error: 'RCC_APB2ENR_SYSCFGEN' was not declared in this scope
  RCC->APB2ENR |= RCC_APB2ENR_SYSCFGEN;
                  ^~~~~~~~~~~~~~~~~~~~
H:\TinyCLR\TinyCLR_PORT\TinyCLR_Port\Targets\STM32H7xx\STM32H7_USBC.cpp:350:18: note: suggested alternative: 'RCC_APB4ENR_SYSCFGEN'
  RCC->APB2ENR |= RCC_APB2ENR_SYSCFGEN;
                  ^~~~~~~~~~~~~~~~~~~~
                  RCC_APB4ENR_SYSCFGEN
H:\TinyCLR\TinyCLR_PORT\TinyCLR_Port\Targets\STM32H7xx\STM32H7_USBC.cpp: In function 'bool STM32H7_UsbClient_Uninitialize(USB_CONTROLLER_STATE*)':
H:\TinyCLR\TinyCLR_PORT\TinyCLR_Port\Targets\STM32H7xx\STM32H7_USBC.cpp:441:19: error: 'RCC_AHB2ENR_OTGFSEN' was not declared in this scope
  RCC->AHB2ENR &= ~RCC_AHB2ENR_OTGFSEN;
                   ^~~~~~~~~~~~~~~~~~~
H:\TinyCLR\TinyCLR_PORT\TinyCLR_Port\Targets\STM32H7xx\STM32H7_USBC.cpp:441:19: note: suggested alternative: 'RCC_AHB2ENR_RNGEN'
  RCC->AHB2ENR &= ~RCC_AHB2ENR_OTGFSEN;
                   ^~~~~~~~~~~~~~~~~~~
                   RCC_AHB2ENR_RNGEN
H:\TinyCLR\TinyCLR_PORT\TinyCLR_Port\Build\release\nucleo-h743\STM32H7_Startup.gcc.obj: In function `Reset_Handler':
(i.EntryPoint+0x29c): undefined reference to `SystemInit'
H:\TinyCLR\TinyCLR_PORT\TinyCLR_Port\Build\release\nucleo-h743\main.obj: In function `OnSoftReset(TinyCLR_Api_Provider const*)':
main.cpp:(.text._Z11OnSoftResetPK20TinyCLR_Api_Provider+0x80): undefined reference to `STM32H7_Gpio_GetApi()'
main.cpp:(.text._Z11OnSoftResetPK20TinyCLR_Api_Provider+0x88): undefined reference to `STM32H7_Rtc_GetApi()'
main.cpp:(.text._Z11OnSoftResetPK20TinyCLR_Api_Provider+0x90): undefined reference to `STM32H7_SdCard_GetApi()'
main.cpp:(.text._Z11OnSoftResetPK20TinyCLR_Api_Provider+0x98): undefined reference to `STM32H7_UsbClient_GetApi()'
main.cpp:(.text._Z11OnSoftResetPK20TinyCLR_Api_Provider+0x9c): undefined reference to `STM32H7_Startup_OnSoftReset(TinyCLR_Api_Provider const*, TinyCLR_Interop_Provider const*)'
H:\TinyCLR\TinyCLR_PORT\TinyCLR_Port\Build\release\nucleo-h743\main.obj: In function `main':
main.cpp:(.text.startup.main+0x7c): undefined reference to `STM32H7_Startup_Initialize()'
main.cpp:(.text.startup.main+0x80): undefined reference to `STM32H7_Startup_GetHeap(unsigned char*&, unsigned int&)'
main.cpp:(.text.startup.main+0x90): undefined reference to `STM32H7_Startup_GetDebuggerTransportProvider(TinyCLR_Api_Info const*&, unsigned int&, void const*&)'
main.cpp:(.text.startup.main+0xa0): undefined reference to `STM32H7_Deployment_GetApi()'
main.cpp:(.text.startup.main+0xa8): undefined reference to `STM32H7_Power_GetApi()'
main.cpp:(.text.startup.main+0xb4): undefined reference to `STM32H7_Startup_GetRunApp(bool&)'
collect2.exe: error: ld returned 1 exit status
H:\GNU Tools ARM Embedded\7 2018-q2-update\bin\arm-none-eabi-objcopy.exe: 'H:\TinyCLR\TinyCLR_PORT\TinyCLR_Port\Build\release\nucleo-h743\nucleo-h743 Firmware.axf': No such file
H:\GNU Tools ARM Embedded\7 2018-q2-update\bin\arm-none-eabi-objcopy.exe: 'H:\TinyCLR\TinyCLR_PORT\TinyCLR_Port\Build\release\nucleo-h743\nucleo-h743 Firmware.axf': No such file
